# ELBREAD: Elaboration process.
# ELBREAD: Elaboration time 0.0 [s].
asim -O5 +access +r +m+fir_testbench fir_testbench tb_implementation
# ELBREAD: Elaboration process.
# ELBREAD: Elaboration time 0.0 [s].
# VSIM: Stack memory: 32MB
# VSIM: Retval memory: 32MB
# 
# KERNEL: Main thread initiated.
# KERNEL: Kernel process initialization phase.
# ELAB2: Elaboration final pass...
# ELAB2: Create instances ...
# KERNEL: Time resolution set to 1ps.
# ELAB2: Create instances complete.
# SLP: Started
# SLP: Elaboration phase ...
# SLP: Elaboration phase ... skipped, nothing to simulate in SLP mode : 0.0 [s]
# SLP: Finished : 0.0 [s]
# ELAB2: Elaboration final pass complete - time: 0.0 [s].
# KERNEL: Warning: You are using the Active-HDL Student Edition. The performance of simulation is running at a reduced rate.
# KERNEL: Warning: Contact Aldec for available upgrade options - sales@aldec.com.
# KERNEL: Kernel process initialization done.
# Allocation: Simulator allocated 7074 kB (elbread=1280 elab2=5656 kernel=137 sdf=0)
# KERNEL: ASDB file was created in location C:\dsp_fpga\FIR en VHDL\implementaciones_FIR\fir_design\src\wave.asdb
#  10:11 PM, Tuesday, November 17, 2020
#  Simulation has been initialized
# add wave -noreg {/fir_testbench/impulse}
# add wave -noreg {/fir_testbench/result1}
# add wave -noreg {/fir_testbench/result2}
# add wave -noreg {/fir_testbench/result3}
# add wave -noreg {/fir_testbench/result4}
# add wave -noreg {/fir_testbench/clk}
# 6 signal(s) traced.
# Waveform file 'untitled.awc' connected to 'C:/dsp_fpga/FIR en VHDL/implementaciones_FIR/fir_design/src/wave.asdb'.
run 100 ns
# KERNEL: stopped at time: 100 ns
