Info: Starting: Create block symbol file (.bsf)
Info: qsys-generate C:\dsp_fpga\Cordic\cordic_inst0.qsys --block-symbol-file --output-directory=C:\dsp_fpga\Cordic\cordic_inst0 --family="Cyclone IV E" --part=EP4CE22F17C6
Progress: Loading Cordic/cordic_inst0.qsys
Progress: Reading input file
Progress: Adding CORDIC_0 [altera_CORDIC 20.1]
Progress: Parameterizing module CORDIC_0
Progress: Building connections
Progress: Parameterizing connections
Progress: Validating
Progress: Done reading input file
Info: qsys-generate succeeded.
Info: Finished: Create block symbol file (.bsf)
Info: 
Info: Starting: Create HDL design files for synthesis
Info: qsys-generate C:\dsp_fpga\Cordic\cordic_inst0.qsys --synthesis=VHDL --output-directory=C:\dsp_fpga\Cordic\cordic_inst0\synthesis --family="Cyclone IV E" --part=EP4CE22F17C6
Progress: Loading Cordic/cordic_inst0.qsys
Progress: Reading input file
Progress: Adding CORDIC_0 [altera_CORDIC 20.1]
Progress: Parameterizing module CORDIC_0
Progress: Building connections
Progress: Parameterizing connections
Progress: Validating
Progress: Done reading input file
Info: cordic_inst0: Generating cordic_inst0 "cordic_inst0" for QUARTUS_SYNTH
Info: CORDIC_0: C:/intelfpga_lite/20.1/quartus/dspba/backend/windows64/cmdPolyEval -target CycloneIVE -frequency 200 -name cordic_inst0_CORDIC_0 -noChanValid -faithfulRounding -printMachineReadable -lang VHDL -speedgrade 6 FXPSinCosCordic 13 10 1 8
Error: CORDIC_0: Could not generate name
Error: CORDIC_0: Failed to generate HDL for current parameters
Warning: CORDIC_0: Cannot Achieve Frequency at any possible latency
Warning: CORDIC_0: Unable to estimate resource usage
Error: add_fileset_file: No such file C:/Users/joa-m/AppData/Local/Temp/alt8582_9112192442252878128.dir/0002_CORDIC_0_gen/cordic_inst0_CORDIC_0.vhd     while executing "add_fileset_file $entity_name.vhd VHDL PATH  $tmp_dir/$entity_name.vhd"     (procedure "generate" line 44)     invoked from within "generate $entity_name vhdl"     (procedure "quartus_synth_callback" line 2)     invoked from within "quartus_synth_callback cordic_inst0_CORDIC_0"
Info: CORDIC_0: "cordic_inst0" instantiated altera_CORDIC "CORDIC_0"
Info: cordic_inst0: Done "cordic_inst0" with 2 modules, 3 files
Error: qsys-generate failed with exit code 1: 3 Errors, 2 Warnings
Info: Finished: Create HDL design files for synthesis
