
*** Running vivado
    with args -log blk_mem_gen_0.vds -m64 -product Vivado -mode batch -messageDb vivado.pb -notrace -source blk_mem_gen_0.tcl


****** Vivado v2019.2 (64-bit)
  **** SW Build 2708876 on Wed Nov  6 21:40:23 MST 2019
  **** IP Build 2700528 on Thu Nov  7 00:09:20 MST 2019
    ** Copyright 1986-2019 Xilinx, Inc. All Rights Reserved.

source blk_mem_gen_0.tcl -notrace
Command: synth_design -top blk_mem_gen_0 -part xc7a35tcpg236-1 -mode out_of_context
Starting synth_design
Attempting to get a license for feature 'Synthesis' and/or device 'xc7a35t'
INFO: [Common 17-349] Got license for feature 'Synthesis' and/or device 'xc7a35t'
INFO: [Device 21-403] Loading part xc7a35tcpg236-1
INFO: Launching helper process for spawning children vivado processes
INFO: Helper process launched with PID 12004 
---------------------------------------------------------------------------------
Starting RTL Elaboration : Time (s): cpu = 00:00:10 ; elapsed = 00:00:11 . Memory (MB): peak = 808.188 ; gain = 233.289
---------------------------------------------------------------------------------
INFO: [Synth 8-638] synthesizing module 'blk_mem_gen_0' [c:/vivado_projects/VGA_driver/VGA_driver.srcs/sources_1/ip/blk_mem_gen_0/synth/blk_mem_gen_0.vhd:68]
	Parameter C_FAMILY bound to: artix7 - type: string 
	Parameter C_XDEVICEFAMILY bound to: artix7 - type: string 
	Parameter C_ELABORATION_DIR bound to: ./ - type: string 
	Parameter C_INTERFACE_TYPE bound to: 0 - type: integer 
	Parameter C_AXI_TYPE bound to: 1 - type: integer 
	Parameter C_AXI_SLAVE_TYPE bound to: 0 - type: integer 
	Parameter C_USE_BRAM_BLOCK bound to: 0 - type: integer 
	Parameter C_ENABLE_32BIT_ADDRESS bound to: 0 - type: integer 
	Parameter C_CTRL_ECC_ALGO bound to: NONE - type: string 
	Parameter C_HAS_AXI_ID bound to: 0 - type: integer 
	Parameter C_AXI_ID_WIDTH bound to: 4 - type: integer 
	Parameter C_MEM_TYPE bound to: 3 - type: integer 
	Parameter C_BYTE_SIZE bound to: 9 - type: integer 
	Parameter C_ALGORITHM bound to: 1 - type: integer 
	Parameter C_PRIM_TYPE bound to: 1 - type: integer 
	Parameter C_LOAD_INIT_FILE bound to: 1 - type: integer 
	Parameter C_INIT_FILE_NAME bound to: blk_mem_gen_0.mif - type: string 
	Parameter C_INIT_FILE bound to: blk_mem_gen_0.mem - type: string 
	Parameter C_USE_DEFAULT_DATA bound to: 0 - type: integer 
	Parameter C_DEFAULT_DATA bound to: 0 - type: string 
	Parameter C_HAS_RSTA bound to: 0 - type: integer 
	Parameter C_RST_PRIORITY_A bound to: CE - type: string 
	Parameter C_RSTRAM_A bound to: 0 - type: integer 
	Parameter C_INITA_VAL bound to: 0 - type: string 
	Parameter C_HAS_ENA bound to: 1 - type: integer 
	Parameter C_HAS_REGCEA bound to: 0 - type: integer 
	Parameter C_USE_BYTE_WEA bound to: 0 - type: integer 
	Parameter C_WEA_WIDTH bound to: 1 - type: integer 
	Parameter C_WRITE_MODE_A bound to: WRITE_FIRST - type: string 
	Parameter C_WRITE_WIDTH_A bound to: 108 - type: integer 
	Parameter C_READ_WIDTH_A bound to: 108 - type: integer 
	Parameter C_WRITE_DEPTH_A bound to: 16384 - type: integer 
	Parameter C_READ_DEPTH_A bound to: 16384 - type: integer 
	Parameter C_ADDRA_WIDTH bound to: 14 - type: integer 
	Parameter C_HAS_RSTB bound to: 0 - type: integer 
	Parameter C_RST_PRIORITY_B bound to: CE - type: string 
	Parameter C_RSTRAM_B bound to: 0 - type: integer 
	Parameter C_INITB_VAL bound to: 0 - type: string 
	Parameter C_HAS_ENB bound to: 0 - type: integer 
	Parameter C_HAS_REGCEB bound to: 0 - type: integer 
	Parameter C_USE_BYTE_WEB bound to: 0 - type: integer 
	Parameter C_WEB_WIDTH bound to: 1 - type: integer 
	Parameter C_WRITE_MODE_B bound to: WRITE_FIRST - type: string 
	Parameter C_WRITE_WIDTH_B bound to: 108 - type: integer 
	Parameter C_READ_WIDTH_B bound to: 108 - type: integer 
	Parameter C_WRITE_DEPTH_B bound to: 16384 - type: integer 
	Parameter C_READ_DEPTH_B bound to: 16384 - type: integer 
	Parameter C_ADDRB_WIDTH bound to: 14 - type: integer 
	Parameter C_HAS_MEM_OUTPUT_REGS_A bound to: 1 - type: integer 
	Parameter C_HAS_MEM_OUTPUT_REGS_B bound to: 0 - type: integer 
	Parameter C_HAS_MUX_OUTPUT_REGS_A bound to: 0 - type: integer 
	Parameter C_HAS_MUX_OUTPUT_REGS_B bound to: 0 - type: integer 
	Parameter C_MUX_PIPELINE_STAGES bound to: 0 - type: integer 
	Parameter C_HAS_SOFTECC_INPUT_REGS_A bound to: 0 - type: integer 
	Parameter C_HAS_SOFTECC_OUTPUT_REGS_B bound to: 0 - type: integer 
	Parameter C_USE_SOFTECC bound to: 0 - type: integer 
	Parameter C_USE_ECC bound to: 0 - type: integer 
	Parameter C_EN_ECC_PIPE bound to: 0 - type: integer 
	Parameter C_READ_LATENCY_A bound to: 1 - type: integer 
	Parameter C_READ_LATENCY_B bound to: 1 - type: integer 
	Parameter C_HAS_INJECTERR bound to: 0 - type: integer 
	Parameter C_SIM_COLLISION_CHECK bound to: ALL - type: string 
	Parameter C_COMMON_CLK bound to: 0 - type: integer 
	Parameter C_DISABLE_WARN_BHV_COLL bound to: 0 - type: integer 
	Parameter C_EN_SLEEP_PIN bound to: 0 - type: integer 
	Parameter C_USE_URAM bound to: 0 - type: integer 
	Parameter C_EN_RDADDRA_CHG bound to: 0 - type: integer 
	Parameter C_EN_RDADDRB_CHG bound to: 0 - type: integer 
	Parameter C_EN_DEEPSLEEP_PIN bound to: 0 - type: integer 
	Parameter C_EN_SHUTDOWN_PIN bound to: 0 - type: integer 
	Parameter C_EN_SAFETY_CKT bound to: 0 - type: integer 
	Parameter C_DISABLE_WARN_BHV_RANGE bound to: 0 - type: integer 
	Parameter C_COUNT_36K_BRAM bound to: 48 - type: string 
	Parameter C_COUNT_18K_BRAM bound to: 0 - type: string 
	Parameter C_EST_POWER_SUMMARY bound to: Estimated Power for IP     :     28.243198 mW - type: string 
INFO: [Synth 8-3491] module 'blk_mem_gen_v8_4_4' declared at 'c:/vivado_projects/VGA_driver/VGA_driver.srcs/sources_1/ip/blk_mem_gen_0/hdl/blk_mem_gen_v8_4_vhsyn_rfs.vhd:195321' bound to instance 'U0' of component 'blk_mem_gen_v8_4_4' [c:/vivado_projects/VGA_driver/VGA_driver.srcs/sources_1/ip/blk_mem_gen_0/synth/blk_mem_gen_0.vhd:232]
INFO: [Synth 8-256] done synthesizing module 'blk_mem_gen_0' (11#1) [c:/vivado_projects/VGA_driver/VGA_driver.srcs/sources_1/ip/blk_mem_gen_0/synth/blk_mem_gen_0.vhd:68]
WARNING: [Synth 8-3331] design blk_mem_output_block has unconnected port CLKB
WARNING: [Synth 8-3331] design blk_mem_output_block has unconnected port DOUTB_I[107]
WARNING: [Synth 8-3331] design blk_mem_output_block has unconnected port DOUTB_I[106]
WARNING: [Synth 8-3331] design blk_mem_output_block has unconnected port DOUTB_I[105]
WARNING: [Synth 8-3331] design blk_mem_output_block has unconnected port DOUTB_I[104]
WARNING: [Synth 8-3331] design blk_mem_output_block has unconnected port DOUTB_I[103]
WARNING: [Synth 8-3331] design blk_mem_output_block has unconnected port DOUTB_I[102]
WARNING: [Synth 8-3331] design blk_mem_output_block has unconnected port DOUTB_I[101]
WARNING: [Synth 8-3331] design blk_mem_output_block has unconnected port DOUTB_I[100]
WARNING: [Synth 8-3331] design blk_mem_output_block has unconnected port DOUTB_I[99]
WARNING: [Synth 8-3331] design blk_mem_output_block has unconnected port DOUTB_I[98]
WARNING: [Synth 8-3331] design blk_mem_output_block has unconnected port DOUTB_I[97]
WARNING: [Synth 8-3331] design blk_mem_output_block has unconnected port DOUTB_I[96]
WARNING: [Synth 8-3331] design blk_mem_output_block has unconnected port DOUTB_I[95]
WARNING: [Synth 8-3331] design blk_mem_output_block has unconnected port DOUTB_I[94]
WARNING: [Synth 8-3331] design blk_mem_output_block has unconnected port DOUTB_I[93]
WARNING: [Synth 8-3331] design blk_mem_output_block has unconnected port DOUTB_I[92]
WARNING: [Synth 8-3331] design blk_mem_output_block has unconnected port DOUTB_I[91]
WARNING: [Synth 8-3331] design blk_mem_output_block has unconnected port DOUTB_I[90]
WARNING: [Synth 8-3331] design blk_mem_output_block has unconnected port DOUTB_I[89]
WARNING: [Synth 8-3331] design blk_mem_output_block has unconnected port DOUTB_I[88]
WARNING: [Synth 8-3331] design blk_mem_output_block has unconnected port DOUTB_I[87]
WARNING: [Synth 8-3331] design blk_mem_output_block has unconnected port DOUTB_I[86]
WARNING: [Synth 8-3331] design blk_mem_output_block has unconnected port DOUTB_I[85]
WARNING: [Synth 8-3331] design blk_mem_output_block has unconnected port DOUTB_I[84]
WARNING: [Synth 8-3331] design blk_mem_output_block has unconnected port DOUTB_I[83]
WARNING: [Synth 8-3331] design blk_mem_output_block has unconnected port DOUTB_I[82]
WARNING: [Synth 8-3331] design blk_mem_output_block has unconnected port DOUTB_I[81]
WARNING: [Synth 8-3331] design blk_mem_output_block has unconnected port DOUTB_I[80]
WARNING: [Synth 8-3331] design blk_mem_output_block has unconnected port DOUTB_I[79]
WARNING: [Synth 8-3331] design blk_mem_output_block has unconnected port DOUTB_I[78]
WARNING: [Synth 8-3331] design blk_mem_output_block has unconnected port DOUTB_I[77]
WARNING: [Synth 8-3331] design blk_mem_output_block has unconnected port DOUTB_I[76]
WARNING: [Synth 8-3331] design blk_mem_output_block has unconnected port DOUTB_I[75]
WARNING: [Synth 8-3331] design blk_mem_output_block has unconnected port DOUTB_I[74]
WARNING: [Synth 8-3331] design blk_mem_output_block has unconnected port DOUTB_I[73]
WARNING: [Synth 8-3331] design blk_mem_output_block has unconnected port DOUTB_I[72]
WARNING: [Synth 8-3331] design blk_mem_output_block has unconnected port DOUTB_I[71]
WARNING: [Synth 8-3331] design blk_mem_output_block has unconnected port DOUTB_I[70]
WARNING: [Synth 8-3331] design blk_mem_output_block has unconnected port DOUTB_I[69]
WARNING: [Synth 8-3331] design blk_mem_output_block has unconnected port DOUTB_I[68]
WARNING: [Synth 8-3331] design blk_mem_output_block has unconnected port DOUTB_I[67]
WARNING: [Synth 8-3331] design blk_mem_output_block has unconnected port DOUTB_I[66]
WARNING: [Synth 8-3331] design blk_mem_output_block has unconnected port DOUTB_I[65]
WARNING: [Synth 8-3331] design blk_mem_output_block has unconnected port DOUTB_I[64]
WARNING: [Synth 8-3331] design blk_mem_output_block has unconnected port DOUTB_I[63]
WARNING: [Synth 8-3331] design blk_mem_output_block has unconnected port DOUTB_I[62]
WARNING: [Synth 8-3331] design blk_mem_output_block has unconnected port DOUTB_I[61]
WARNING: [Synth 8-3331] design blk_mem_output_block has unconnected port DOUTB_I[60]
WARNING: [Synth 8-3331] design blk_mem_output_block has unconnected port DOUTB_I[59]
WARNING: [Synth 8-3331] design blk_mem_output_block has unconnected port DOUTB_I[58]
WARNING: [Synth 8-3331] design blk_mem_output_block has unconnected port DOUTB_I[57]
WARNING: [Synth 8-3331] design blk_mem_output_block has unconnected port DOUTB_I[56]
WARNING: [Synth 8-3331] design blk_mem_output_block has unconnected port DOUTB_I[55]
WARNING: [Synth 8-3331] design blk_mem_output_block has unconnected port DOUTB_I[54]
WARNING: [Synth 8-3331] design blk_mem_output_block has unconnected port DOUTB_I[53]
WARNING: [Synth 8-3331] design blk_mem_output_block has unconnected port DOUTB_I[52]
WARNING: [Synth 8-3331] design blk_mem_output_block has unconnected port DOUTB_I[51]
WARNING: [Synth 8-3331] design blk_mem_output_block has unconnected port DOUTB_I[50]
WARNING: [Synth 8-3331] design blk_mem_output_block has unconnected port DOUTB_I[49]
WARNING: [Synth 8-3331] design blk_mem_output_block has unconnected port DOUTB_I[48]
WARNING: [Synth 8-3331] design blk_mem_output_block has unconnected port DOUTB_I[47]
WARNING: [Synth 8-3331] design blk_mem_output_block has unconnected port DOUTB_I[46]
WARNING: [Synth 8-3331] design blk_mem_output_block has unconnected port DOUTB_I[45]
WARNING: [Synth 8-3331] design blk_mem_output_block has unconnected port DOUTB_I[44]
WARNING: [Synth 8-3331] design blk_mem_output_block has unconnected port DOUTB_I[43]
WARNING: [Synth 8-3331] design blk_mem_output_block has unconnected port DOUTB_I[42]
WARNING: [Synth 8-3331] design blk_mem_output_block has unconnected port DOUTB_I[41]
WARNING: [Synth 8-3331] design blk_mem_output_block has unconnected port DOUTB_I[40]
WARNING: [Synth 8-3331] design blk_mem_output_block has unconnected port DOUTB_I[39]
WARNING: [Synth 8-3331] design blk_mem_output_block has unconnected port DOUTB_I[38]
WARNING: [Synth 8-3331] design blk_mem_output_block has unconnected port DOUTB_I[37]
WARNING: [Synth 8-3331] design blk_mem_output_block has unconnected port DOUTB_I[36]
WARNING: [Synth 8-3331] design blk_mem_output_block has unconnected port DOUTB_I[35]
WARNING: [Synth 8-3331] design blk_mem_output_block has unconnected port DOUTB_I[34]
WARNING: [Synth 8-3331] design blk_mem_output_block has unconnected port DOUTB_I[33]
WARNING: [Synth 8-3331] design blk_mem_output_block has unconnected port DOUTB_I[32]
WARNING: [Synth 8-3331] design blk_mem_output_block has unconnected port DOUTB_I[31]
WARNING: [Synth 8-3331] design blk_mem_output_block has unconnected port DOUTB_I[30]
WARNING: [Synth 8-3331] design blk_mem_output_block has unconnected port DOUTB_I[29]
WARNING: [Synth 8-3331] design blk_mem_output_block has unconnected port DOUTB_I[28]
WARNING: [Synth 8-3331] design blk_mem_output_block has unconnected port DOUTB_I[27]
WARNING: [Synth 8-3331] design blk_mem_output_block has unconnected port DOUTB_I[26]
WARNING: [Synth 8-3331] design blk_mem_output_block has unconnected port DOUTB_I[25]
WARNING: [Synth 8-3331] design blk_mem_output_block has unconnected port DOUTB_I[24]
WARNING: [Synth 8-3331] design blk_mem_output_block has unconnected port DOUTB_I[23]
WARNING: [Synth 8-3331] design blk_mem_output_block has unconnected port DOUTB_I[22]
WARNING: [Synth 8-3331] design blk_mem_output_block has unconnected port DOUTB_I[21]
WARNING: [Synth 8-3331] design blk_mem_output_block has unconnected port DOUTB_I[20]
WARNING: [Synth 8-3331] design blk_mem_output_block has unconnected port DOUTB_I[19]
WARNING: [Synth 8-3331] design blk_mem_output_block has unconnected port DOUTB_I[18]
WARNING: [Synth 8-3331] design blk_mem_output_block has unconnected port DOUTB_I[17]
WARNING: [Synth 8-3331] design blk_mem_output_block has unconnected port DOUTB_I[16]
WARNING: [Synth 8-3331] design blk_mem_output_block has unconnected port DOUTB_I[15]
WARNING: [Synth 8-3331] design blk_mem_output_block has unconnected port DOUTB_I[14]
WARNING: [Synth 8-3331] design blk_mem_output_block has unconnected port DOUTB_I[13]
WARNING: [Synth 8-3331] design blk_mem_output_block has unconnected port DOUTB_I[12]
WARNING: [Synth 8-3331] design blk_mem_output_block has unconnected port DOUTB_I[11]
WARNING: [Synth 8-3331] design blk_mem_output_block has unconnected port DOUTB_I[10]
WARNING: [Synth 8-3331] design blk_mem_output_block has unconnected port DOUTB_I[9]
INFO: [Common 17-14] Message 'Synth 8-3331' appears 100 times and further instances of the messages will be disabled. Use the Tcl command set_msg_config to change the current settings.
---------------------------------------------------------------------------------
Finished RTL Elaboration : Time (s): cpu = 00:01:32 ; elapsed = 00:01:37 . Memory (MB): peak = 1315.395 ; gain = 740.496
---------------------------------------------------------------------------------

Report Check Netlist: 
+------+------------------+-------+---------+-------+------------------+
|      |Item              |Errors |Warnings |Status |Description       |
+------+------------------+-------+---------+-------+------------------+
|1     |multi_driven_nets |      0|        0|Passed |Multi driven nets |
+------+------------------+-------+---------+-------+------------------+
---------------------------------------------------------------------------------
Start Handling Custom Attributes
---------------------------------------------------------------------------------
---------------------------------------------------------------------------------
Finished Handling Custom Attributes : Time (s): cpu = 00:01:33 ; elapsed = 00:01:38 . Memory (MB): peak = 1315.395 ; gain = 740.496
---------------------------------------------------------------------------------
---------------------------------------------------------------------------------
Finished RTL Optimization Phase 1 : Time (s): cpu = 00:01:33 ; elapsed = 00:01:38 . Memory (MB): peak = 1315.395 ; gain = 740.496
---------------------------------------------------------------------------------
Netlist sorting complete. Time (s): cpu = 00:00:00 ; elapsed = 00:00:00.139 . Memory (MB): peak = 1315.395 ; gain = 0.000
INFO: [Netlist 29-17] Analyzing 48 Unisim elements for replacement
INFO: [Netlist 29-28] Unisim Transformation completed in 0 CPU seconds
INFO: [Project 1-570] Preparing netlist for logic optimization

Processing XDC Constraints
Initializing timing engine
Parsing XDC File [c:/vivado_projects/VGA_driver/VGA_driver.srcs/sources_1/ip/blk_mem_gen_0/blk_mem_gen_0_ooc.xdc] for cell 'U0'
Finished Parsing XDC File [c:/vivado_projects/VGA_driver/VGA_driver.srcs/sources_1/ip/blk_mem_gen_0/blk_mem_gen_0_ooc.xdc] for cell 'U0'
Parsing XDC File [C:/vivado_projects/VGA_driver/VGA_driver.runs/blk_mem_gen_0_synth_1/dont_touch.xdc]
Finished Parsing XDC File [C:/vivado_projects/VGA_driver/VGA_driver.runs/blk_mem_gen_0_synth_1/dont_touch.xdc]
Completed Processing XDC Constraints

Netlist sorting complete. Time (s): cpu = 00:00:00 ; elapsed = 00:00:00.001 . Memory (MB): peak = 1315.395 ; gain = 0.000
INFO: [Project 1-111] Unisim Transformation Summary:
No Unisim elements were transformed.

Constraint Validation Runtime : Time (s): cpu = 00:00:00 ; elapsed = 00:00:00.166 . Memory (MB): peak = 1315.395 ; gain = 0.000
---------------------------------------------------------------------------------
Finished Constraint Validation : Time (s): cpu = 00:01:46 ; elapsed = 00:01:52 . Memory (MB): peak = 1315.395 ; gain = 740.496
---------------------------------------------------------------------------------
---------------------------------------------------------------------------------
Start Loading Part and Timing Information
---------------------------------------------------------------------------------
Loading part: xc7a35tcpg236-1
---------------------------------------------------------------------------------
Finished Loading Part and Timing Information : Time (s): cpu = 00:01:46 ; elapsed = 00:01:52 . Memory (MB): peak = 1315.395 ; gain = 740.496
---------------------------------------------------------------------------------
---------------------------------------------------------------------------------
Start Applying 'set_property' XDC Constraints
---------------------------------------------------------------------------------
Applied set_property DONT_TOUCH = true for U0. (constraint file  C:/vivado_projects/VGA_driver/VGA_driver.runs/blk_mem_gen_0_synth_1/dont_touch.xdc, line 9).
---------------------------------------------------------------------------------
Finished applying 'set_property' XDC Constraints : Time (s): cpu = 00:01:46 ; elapsed = 00:01:52 . Memory (MB): peak = 1315.395 ; gain = 740.496
---------------------------------------------------------------------------------
---------------------------------------------------------------------------------
Finished RTL Optimization Phase 2 : Time (s): cpu = 00:01:48 ; elapsed = 00:01:54 . Memory (MB): peak = 1315.395 ; gain = 740.496
---------------------------------------------------------------------------------

Report RTL Partitions: 
+-+--------------+------------+----------+
| |RTL Partition |Replication |Instances |
+-+--------------+------------+----------+
+-+--------------+------------+----------+
---------------------------------------------------------------------------------
Start RTL Component Statistics 
---------------------------------------------------------------------------------
Detailed RTL Component Info : 
+---Registers : 
	               14 Bit    Registers := 1     
	                2 Bit    Registers := 3     
+---Muxes : 
	   4 Input    108 Bit        Muxes := 2     
	   2 Input      1 Bit        Muxes := 9     
---------------------------------------------------------------------------------
Finished RTL Component Statistics 
---------------------------------------------------------------------------------
---------------------------------------------------------------------------------
Start RTL Hierarchical Component Statistics 
---------------------------------------------------------------------------------
Hierarchical RTL Component report 
Module bindec 
Detailed RTL Component Info : 
+---Muxes : 
	   2 Input      1 Bit        Muxes := 4     
Module blk_mem_gen_mux 
Detailed RTL Component Info : 
+---Registers : 
	               14 Bit    Registers := 1     
	                2 Bit    Registers := 2     
+---Muxes : 
	   4 Input    108 Bit        Muxes := 1     
	   2 Input      1 Bit        Muxes := 1     
Module blk_mem_gen_mux__parameterized0 
Detailed RTL Component Info : 
+---Registers : 
	                2 Bit    Registers := 1     
+---Muxes : 
	   4 Input    108 Bit        Muxes := 1     
---------------------------------------------------------------------------------
Finished RTL Hierarchical Component Statistics
---------------------------------------------------------------------------------
---------------------------------------------------------------------------------
Start Part Resource Summary
---------------------------------------------------------------------------------
Part Resources:
DSPs: 90 (col length:60)
BRAMs: 100 (col length: RAMB18 60 RAMB36 30)
---------------------------------------------------------------------------------
Finished Part Resource Summary
---------------------------------------------------------------------------------
---------------------------------------------------------------------------------
Start Cross Boundary and Area Optimization
---------------------------------------------------------------------------------
Warning: Parallel synthesis criteria is not met 
---------------------------------------------------------------------------------
Finished Cross Boundary and Area Optimization : Time (s): cpu = 00:01:50 ; elapsed = 00:01:56 . Memory (MB): peak = 1315.395 ; gain = 740.496
---------------------------------------------------------------------------------

Report RTL Partitions: 
+-+--------------+------------+----------+
| |RTL Partition |Replication |Instances |
+-+--------------+------------+----------+
+-+--------------+------------+----------+
---------------------------------------------------------------------------------
Start Applying XDC Timing Constraints
---------------------------------------------------------------------------------
---------------------------------------------------------------------------------
Finished Applying XDC Timing Constraints : Time (s): cpu = 00:02:03 ; elapsed = 00:02:10 . Memory (MB): peak = 1315.395 ; gain = 740.496
---------------------------------------------------------------------------------
---------------------------------------------------------------------------------
Start Timing Optimization
---------------------------------------------------------------------------------
---------------------------------------------------------------------------------
Finished Timing Optimization : Time (s): cpu = 00:02:03 ; elapsed = 00:02:10 . Memory (MB): peak = 1315.395 ; gain = 740.496
---------------------------------------------------------------------------------

Report RTL Partitions: 
+-+--------------+------------+----------+
| |RTL Partition |Replication |Instances |
+-+--------------+------------+----------+
+-+--------------+------------+----------+
---------------------------------------------------------------------------------
Start Technology Mapping
---------------------------------------------------------------------------------
---------------------------------------------------------------------------------
Finished Technology Mapping : Time (s): cpu = 00:02:03 ; elapsed = 00:02:10 . Memory (MB): peak = 1315.395 ; gain = 740.496
---------------------------------------------------------------------------------

Report RTL Partitions: 
+-+--------------+------------+----------+
| |RTL Partition |Replication |Instances |
+-+--------------+------------+----------+
+-+--------------+------------+----------+
---------------------------------------------------------------------------------
Start IO Insertion
---------------------------------------------------------------------------------
---------------------------------------------------------------------------------
Start Flattening Before IO Insertion
---------------------------------------------------------------------------------
---------------------------------------------------------------------------------
Finished Flattening Before IO Insertion
---------------------------------------------------------------------------------
---------------------------------------------------------------------------------
Start Final Netlist Cleanup
---------------------------------------------------------------------------------
---------------------------------------------------------------------------------
Finished Final Netlist Cleanup
---------------------------------------------------------------------------------
---------------------------------------------------------------------------------
Finished IO Insertion : Time (s): cpu = 00:02:11 ; elapsed = 00:02:19 . Memory (MB): peak = 1315.395 ; gain = 740.496
---------------------------------------------------------------------------------
---------------------------------------------------------------------------------
Start Renaming Generated Instances
---------------------------------------------------------------------------------
---------------------------------------------------------------------------------
Finished Renaming Generated Instances : Time (s): cpu = 00:02:11 ; elapsed = 00:02:19 . Memory (MB): peak = 1315.395 ; gain = 740.496
---------------------------------------------------------------------------------

Report RTL Partitions: 
+-+--------------+------------+----------+
| |RTL Partition |Replication |Instances |
+-+--------------+------------+----------+
+-+--------------+------------+----------+

Report Check Netlist: 
+------+------------------+-------+---------+-------+------------------+
|      |Item              |Errors |Warnings |Status |Description       |
+------+------------------+-------+---------+-------+------------------+
|1     |multi_driven_nets |      0|        0|Passed |Multi driven nets |
+------+------------------+-------+---------+-------+------------------+
---------------------------------------------------------------------------------
Start Rebuilding User Hierarchy
---------------------------------------------------------------------------------
---------------------------------------------------------------------------------
Finished Rebuilding User Hierarchy : Time (s): cpu = 00:02:11 ; elapsed = 00:02:19 . Memory (MB): peak = 1315.395 ; gain = 740.496
---------------------------------------------------------------------------------
---------------------------------------------------------------------------------
Start Renaming Generated Ports
---------------------------------------------------------------------------------
---------------------------------------------------------------------------------
Finished Renaming Generated Ports : Time (s): cpu = 00:02:11 ; elapsed = 00:02:19 . Memory (MB): peak = 1315.395 ; gain = 740.496
---------------------------------------------------------------------------------
---------------------------------------------------------------------------------
Start Handling Custom Attributes
---------------------------------------------------------------------------------
---------------------------------------------------------------------------------
Finished Handling Custom Attributes : Time (s): cpu = 00:02:11 ; elapsed = 00:02:19 . Memory (MB): peak = 1315.395 ; gain = 740.496
---------------------------------------------------------------------------------
---------------------------------------------------------------------------------
Start Renaming Generated Nets
---------------------------------------------------------------------------------
---------------------------------------------------------------------------------
Finished Renaming Generated Nets : Time (s): cpu = 00:02:11 ; elapsed = 00:02:19 . Memory (MB): peak = 1315.395 ; gain = 740.496
---------------------------------------------------------------------------------
---------------------------------------------------------------------------------
Start Writing Synthesis Report
---------------------------------------------------------------------------------

Report BlackBoxes: 
+-+--------------+----------+
| |BlackBox name |Instances |
+-+--------------+----------+
+-+--------------+----------+

Report Cell Usage: 
+------+------------+------+
|      |Cell        |Count |
+------+------------+------+
|1     |LUT3        |     4|
|2     |LUT6        |   108|
|3     |RAMB36E1    |     1|
|4     |RAMB36E1_1  |     1|
|5     |RAMB36E1_10 |     1|
|6     |RAMB36E1_11 |     1|
|7     |RAMB36E1_12 |     1|
|8     |RAMB36E1_13 |     1|
|9     |RAMB36E1_14 |     1|
|10    |RAMB36E1_15 |     1|
|11    |RAMB36E1_16 |     1|
|12    |RAMB36E1_17 |     1|
|13    |RAMB36E1_18 |     1|
|14    |RAMB36E1_19 |     1|
|15    |RAMB36E1_2  |     1|
|16    |RAMB36E1_20 |     1|
|17    |RAMB36E1_21 |     1|
|18    |RAMB36E1_22 |     1|
|19    |RAMB36E1_23 |     1|
|20    |RAMB36E1_24 |     1|
|21    |RAMB36E1_25 |     1|
|22    |RAMB36E1_26 |     1|
|23    |RAMB36E1_27 |     1|
|24    |RAMB36E1_28 |     1|
|25    |RAMB36E1_29 |     1|
|26    |RAMB36E1_3  |     1|
|27    |RAMB36E1_30 |     1|
|28    |RAMB36E1_31 |     1|
|29    |RAMB36E1_32 |     1|
|30    |RAMB36E1_33 |     1|
|31    |RAMB36E1_34 |     1|
|32    |RAMB36E1_35 |     1|
|33    |RAMB36E1_36 |     1|
|34    |RAMB36E1_37 |     1|
|35    |RAMB36E1_38 |     1|
|36    |RAMB36E1_39 |     1|
|37    |RAMB36E1_4  |     1|
|38    |RAMB36E1_40 |     1|
|39    |RAMB36E1_41 |     1|
|40    |RAMB36E1_42 |     1|
|41    |RAMB36E1_43 |     1|
|42    |RAMB36E1_44 |     1|
|43    |RAMB36E1_45 |     1|
|44    |RAMB36E1_46 |     1|
|45    |RAMB36E1_47 |     1|
|46    |RAMB36E1_5  |     1|
|47    |RAMB36E1_6  |     1|
|48    |RAMB36E1_7  |     1|
|49    |RAMB36E1_8  |     1|
|50    |RAMB36E1_9  |     1|
|51    |FDRE        |     4|
+------+------------+------+

Report Instance Areas: 
+------+---------------------------------------------+-----------------------------------------------+------+
|      |Instance                                     |Module                                         |Cells |
+------+---------------------------------------------+-----------------------------------------------+------+
|1     |top                                          |                                               |   164|
|2     |  U0                                         |blk_mem_gen_v8_4_4                             |   164|
|3     |    inst_blk_mem_gen                         |blk_mem_gen_v8_4_4_synth                       |   164|
|4     |      \gnbram.gnativebmg.native_blk_mem_gen  |blk_mem_gen_top                                |   164|
|5     |        \valid.cstr                          |blk_mem_gen_generic_cstr                       |   164|
|6     |          \bindec_a.bindec_inst_a            |bindec                                         |     3|
|7     |          \has_mux_a.A                       |blk_mem_gen_mux                                |   112|
|8     |          \ramloop[0].ram.r                  |blk_mem_gen_prim_width                         |     1|
|9     |            \prim_init.ram                   |blk_mem_gen_prim_wrapper_init                  |     1|
|10    |          \ramloop[10].ram.r                 |blk_mem_gen_prim_width__parameterized9         |     1|
|11    |            \prim_init.ram                   |blk_mem_gen_prim_wrapper_init__parameterized9  |     1|
|12    |          \ramloop[11].ram.r                 |blk_mem_gen_prim_width__parameterized10        |     1|
|13    |            \prim_init.ram                   |blk_mem_gen_prim_wrapper_init__parameterized10 |     1|
|14    |          \ramloop[12].ram.r                 |blk_mem_gen_prim_width__parameterized11        |     1|
|15    |            \prim_init.ram                   |blk_mem_gen_prim_wrapper_init__parameterized11 |     1|
|16    |          \ramloop[13].ram.r                 |blk_mem_gen_prim_width__parameterized12        |     1|
|17    |            \prim_init.ram                   |blk_mem_gen_prim_wrapper_init__parameterized12 |     1|
|18    |          \ramloop[14].ram.r                 |blk_mem_gen_prim_width__parameterized13        |     1|
|19    |            \prim_init.ram                   |blk_mem_gen_prim_wrapper_init__parameterized13 |     1|
|20    |          \ramloop[15].ram.r                 |blk_mem_gen_prim_width__parameterized14        |     1|
|21    |            \prim_init.ram                   |blk_mem_gen_prim_wrapper_init__parameterized14 |     1|
|22    |          \ramloop[16].ram.r                 |blk_mem_gen_prim_width__parameterized15        |     1|
|23    |            \prim_init.ram                   |blk_mem_gen_prim_wrapper_init__parameterized15 |     1|
|24    |          \ramloop[17].ram.r                 |blk_mem_gen_prim_width__parameterized16        |     1|
|25    |            \prim_init.ram                   |blk_mem_gen_prim_wrapper_init__parameterized16 |     1|
|26    |          \ramloop[18].ram.r                 |blk_mem_gen_prim_width__parameterized17        |     1|
|27    |            \prim_init.ram                   |blk_mem_gen_prim_wrapper_init__parameterized17 |     1|
|28    |          \ramloop[19].ram.r                 |blk_mem_gen_prim_width__parameterized18        |     1|
|29    |            \prim_init.ram                   |blk_mem_gen_prim_wrapper_init__parameterized18 |     1|
|30    |          \ramloop[1].ram.r                  |blk_mem_gen_prim_width__parameterized0         |     1|
|31    |            \prim_init.ram                   |blk_mem_gen_prim_wrapper_init__parameterized0  |     1|
|32    |          \ramloop[20].ram.r                 |blk_mem_gen_prim_width__parameterized19        |     1|
|33    |            \prim_init.ram                   |blk_mem_gen_prim_wrapper_init__parameterized19 |     1|
|34    |          \ramloop[21].ram.r                 |blk_mem_gen_prim_width__parameterized20        |     1|
|35    |            \prim_init.ram                   |blk_mem_gen_prim_wrapper_init__parameterized20 |     1|
|36    |          \ramloop[22].ram.r                 |blk_mem_gen_prim_width__parameterized21        |     1|
|37    |            \prim_init.ram                   |blk_mem_gen_prim_wrapper_init__parameterized21 |     1|
|38    |          \ramloop[23].ram.r                 |blk_mem_gen_prim_width__parameterized22        |     1|
|39    |            \prim_init.ram                   |blk_mem_gen_prim_wrapper_init__parameterized22 |     1|
|40    |          \ramloop[24].ram.r                 |blk_mem_gen_prim_width__parameterized23        |     1|
|41    |            \prim_init.ram                   |blk_mem_gen_prim_wrapper_init__parameterized23 |     1|
|42    |          \ramloop[25].ram.r                 |blk_mem_gen_prim_width__parameterized24        |     1|
|43    |            \prim_init.ram                   |blk_mem_gen_prim_wrapper_init__parameterized24 |     1|
|44    |          \ramloop[26].ram.r                 |blk_mem_gen_prim_width__parameterized25        |     1|
|45    |            \prim_init.ram                   |blk_mem_gen_prim_wrapper_init__parameterized25 |     1|
|46    |          \ramloop[27].ram.r                 |blk_mem_gen_prim_width__parameterized26        |     1|
|47    |            \prim_init.ram                   |blk_mem_gen_prim_wrapper_init__parameterized26 |     1|
|48    |          \ramloop[28].ram.r                 |blk_mem_gen_prim_width__parameterized27        |     1|
|49    |            \prim_init.ram                   |blk_mem_gen_prim_wrapper_init__parameterized27 |     1|
|50    |          \ramloop[29].ram.r                 |blk_mem_gen_prim_width__parameterized28        |     1|
|51    |            \prim_init.ram                   |blk_mem_gen_prim_wrapper_init__parameterized28 |     1|
|52    |          \ramloop[2].ram.r                  |blk_mem_gen_prim_width__parameterized1         |     1|
|53    |            \prim_init.ram                   |blk_mem_gen_prim_wrapper_init__parameterized1  |     1|
|54    |          \ramloop[30].ram.r                 |blk_mem_gen_prim_width__parameterized29        |     1|
|55    |            \prim_init.ram                   |blk_mem_gen_prim_wrapper_init__parameterized29 |     1|
|56    |          \ramloop[31].ram.r                 |blk_mem_gen_prim_width__parameterized30        |     1|
|57    |            \prim_init.ram                   |blk_mem_gen_prim_wrapper_init__parameterized30 |     1|
|58    |          \ramloop[32].ram.r                 |blk_mem_gen_prim_width__parameterized31        |     1|
|59    |            \prim_init.ram                   |blk_mem_gen_prim_wrapper_init__parameterized31 |     1|
|60    |          \ramloop[33].ram.r                 |blk_mem_gen_prim_width__parameterized32        |     1|
|61    |            \prim_init.ram                   |blk_mem_gen_prim_wrapper_init__parameterized32 |     1|
|62    |          \ramloop[34].ram.r                 |blk_mem_gen_prim_width__parameterized33        |     1|
|63    |            \prim_init.ram                   |blk_mem_gen_prim_wrapper_init__parameterized33 |     1|
|64    |          \ramloop[35].ram.r                 |blk_mem_gen_prim_width__parameterized34        |     1|
|65    |            \prim_init.ram                   |blk_mem_gen_prim_wrapper_init__parameterized34 |     1|
|66    |          \ramloop[36].ram.r                 |blk_mem_gen_prim_width__parameterized35        |     1|
|67    |            \prim_init.ram                   |blk_mem_gen_prim_wrapper_init__parameterized35 |     1|
|68    |          \ramloop[37].ram.r                 |blk_mem_gen_prim_width__parameterized36        |     1|
|69    |            \prim_init.ram                   |blk_mem_gen_prim_wrapper_init__parameterized36 |     1|
|70    |          \ramloop[38].ram.r                 |blk_mem_gen_prim_width__parameterized37        |     1|
|71    |            \prim_init.ram                   |blk_mem_gen_prim_wrapper_init__parameterized37 |     1|
|72    |          \ramloop[39].ram.r                 |blk_mem_gen_prim_width__parameterized38        |     1|
|73    |            \prim_init.ram                   |blk_mem_gen_prim_wrapper_init__parameterized38 |     1|
|74    |          \ramloop[3].ram.r                  |blk_mem_gen_prim_width__parameterized2         |     2|
|75    |            \prim_init.ram                   |blk_mem_gen_prim_wrapper_init__parameterized2  |     2|
|76    |          \ramloop[40].ram.r                 |blk_mem_gen_prim_width__parameterized39        |     1|
|77    |            \prim_init.ram                   |blk_mem_gen_prim_wrapper_init__parameterized39 |     1|
|78    |          \ramloop[41].ram.r                 |blk_mem_gen_prim_width__parameterized40        |     1|
|79    |            \prim_init.ram                   |blk_mem_gen_prim_wrapper_init__parameterized40 |     1|
|80    |          \ramloop[42].ram.r                 |blk_mem_gen_prim_width__parameterized41        |     1|
|81    |            \prim_init.ram                   |blk_mem_gen_prim_wrapper_init__parameterized41 |     1|
|82    |          \ramloop[43].ram.r                 |blk_mem_gen_prim_width__parameterized42        |     1|
|83    |            \prim_init.ram                   |blk_mem_gen_prim_wrapper_init__parameterized42 |     1|
|84    |          \ramloop[44].ram.r                 |blk_mem_gen_prim_width__parameterized43        |     1|
|85    |            \prim_init.ram                   |blk_mem_gen_prim_wrapper_init__parameterized43 |     1|
|86    |          \ramloop[45].ram.r                 |blk_mem_gen_prim_width__parameterized44        |     1|
|87    |            \prim_init.ram                   |blk_mem_gen_prim_wrapper_init__parameterized44 |     1|
|88    |          \ramloop[46].ram.r                 |blk_mem_gen_prim_width__parameterized45        |     1|
|89    |            \prim_init.ram                   |blk_mem_gen_prim_wrapper_init__parameterized45 |     1|
|90    |          \ramloop[47].ram.r                 |blk_mem_gen_prim_width__parameterized46        |     1|
|91    |            \prim_init.ram                   |blk_mem_gen_prim_wrapper_init__parameterized46 |     1|
|92    |          \ramloop[4].ram.r                  |blk_mem_gen_prim_width__parameterized3         |     1|
|93    |            \prim_init.ram                   |blk_mem_gen_prim_wrapper_init__parameterized3  |     1|
|94    |          \ramloop[5].ram.r                  |blk_mem_gen_prim_width__parameterized4         |     1|
|95    |            \prim_init.ram                   |blk_mem_gen_prim_wrapper_init__parameterized4  |     1|
|96    |          \ramloop[6].ram.r                  |blk_mem_gen_prim_width__parameterized5         |     1|
|97    |            \prim_init.ram                   |blk_mem_gen_prim_wrapper_init__parameterized5  |     1|
|98    |          \ramloop[7].ram.r                  |blk_mem_gen_prim_width__parameterized6         |     1|
|99    |            \prim_init.ram                   |blk_mem_gen_prim_wrapper_init__parameterized6  |     1|
|100   |          \ramloop[8].ram.r                  |blk_mem_gen_prim_width__parameterized7         |     1|
|101   |            \prim_init.ram                   |blk_mem_gen_prim_wrapper_init__parameterized7  |     1|
|102   |          \ramloop[9].ram.r                  |blk_mem_gen_prim_width__parameterized8         |     1|
|103   |            \prim_init.ram                   |blk_mem_gen_prim_wrapper_init__parameterized8  |     1|
+------+---------------------------------------------+-----------------------------------------------+------+
---------------------------------------------------------------------------------
Finished Writing Synthesis Report : Time (s): cpu = 00:02:11 ; elapsed = 00:02:19 . Memory (MB): peak = 1315.395 ; gain = 740.496
---------------------------------------------------------------------------------
Synthesis finished with 0 errors, 0 critical warnings and 460 warnings.
Synthesis Optimization Runtime : Time (s): cpu = 00:00:32 ; elapsed = 00:02:12 . Memory (MB): peak = 1315.395 ; gain = 740.496
Synthesis Optimization Complete : Time (s): cpu = 00:02:12 ; elapsed = 00:02:19 . Memory (MB): peak = 1315.395 ; gain = 740.496
INFO: [Project 1-571] Translating synthesized netlist
Netlist sorting complete. Time (s): cpu = 00:00:01 ; elapsed = 00:00:00.055 . Memory (MB): peak = 1315.395 ; gain = 0.000
INFO: [Netlist 29-17] Analyzing 48 Unisim elements for replacement
INFO: [Netlist 29-28] Unisim Transformation completed in 0 CPU seconds
INFO: [Project 1-570] Preparing netlist for logic optimization
INFO: [Opt 31-138] Pushed 0 inverter(s) to 0 load pin(s).
Netlist sorting complete. Time (s): cpu = 00:00:00 ; elapsed = 00:00:00.002 . Memory (MB): peak = 1315.395 ; gain = 0.000
INFO: [Project 1-111] Unisim Transformation Summary:
No Unisim elements were transformed.

INFO: [Common 17-83] Releasing license: Synthesis
17 Infos, 100 Warnings, 0 Critical Warnings and 0 Errors encountered.
synth_design completed successfully
synth_design: Time (s): cpu = 00:02:19 ; elapsed = 00:02:28 . Memory (MB): peak = 1315.395 ; gain = 1016.223
Netlist sorting complete. Time (s): cpu = 00:00:00 ; elapsed = 00:00:00.002 . Memory (MB): peak = 1315.395 ; gain = 0.000
WARNING: [Constraints 18-5210] No constraints selected for write.
Resolution: This message can indicate that there are no constraints for the design, or it can indicate that the used_in flags are set such that the constraints are ignored. This later case is used when running synth_design to not write synthesis constraints to the resulting checkpoint. Instead, project constraints are read when the synthesized design is opened.
INFO: [Common 17-1381] The checkpoint 'C:/vivado_projects/VGA_driver/VGA_driver.runs/blk_mem_gen_0_synth_1/blk_mem_gen_0.dcp' has been generated.
WARNING: [Common 17-576] 'use_project_ipc' is deprecated. This option is deprecated and no longer used.
INFO: [Coretcl 2-1648] Added synthesis output to IP cache for IP blk_mem_gen_0, cache-ID = 6203f1bb571c432b
INFO: [Coretcl 2-1174] Renamed 102 cell refs.
Netlist sorting complete. Time (s): cpu = 00:00:00 ; elapsed = 00:00:00.002 . Memory (MB): peak = 1315.395 ; gain = 0.000
WARNING: [Constraints 18-5210] No constraints selected for write.
Resolution: This message can indicate that there are no constraints for the design, or it can indicate that the used_in flags are set such that the constraints are ignored. This later case is used when running synth_design to not write synthesis constraints to the resulting checkpoint. Instead, project constraints are read when the synthesized design is opened.
INFO: [Common 17-1381] The checkpoint 'C:/vivado_projects/VGA_driver/VGA_driver.runs/blk_mem_gen_0_synth_1/blk_mem_gen_0.dcp' has been generated.
INFO: [runtcl-4] Executing : report_utilization -file blk_mem_gen_0_utilization_synth.rpt -pb blk_mem_gen_0_utilization_synth.pb
INFO: [Common 17-206] Exiting Vivado at Wed Dec  9 14:56:04 2020...
