# ELBREAD: Elaboration process.
# ELBREAD: Elaboration time 0.0 [s].
# Design Explorer: Shortcut to "C:\My_Designs\contador_basico\contador_v.aws" workspace added.
asim -O5 +access +r +m+tb tb
# ELBREAD: Elaboration process.
# ELBREAD: Elaboration time 0.0 [s].
# VSIM: Stack memory: 32MB
# VSIM: Retval memory: 32MB
# 
alog -O2 -sve -msg 5 -sv2k12 -work contador $dsn/src/cnt.v
# Pass 1. Scanning modules hierarchy.
# Info: VCP2113 Module \$root found in current working library.
# Pass 2. Processing instantiations.
# Pass 3. Processing behavioral statements.
# Running Optimizer.
# ELB/DAG code generating.
# Info: VCP2113 Module \$root found in current working library.
# Unit top modules: tb.
# $root top modules: tb.
# Compile success 0 Errors 0 Warnings  Analysis time: 0[s].
# Warning: ALOG: The source is compiled without the -dbg switch. Line breakpoints and assertion debug will not be available.
# done
# ELBREAD: Elaboration process.
# ELBREAD: Elaboration time 0.0 [s].
# KERNEL: Main thread initiated.
# KERNEL: Kernel process initialization phase.
# ELAB2: Elaboration final pass...
# ELAB2: Create instances ...
# KERNEL: Time resolution set to 1ps.
# ELAB2: Create instances complete.
# SLP: Started
# SLP: Elaboration phase ...
# SLP: Warning: cnt.v (26): Length of connection (32) does not match the length of port "up_down" (1) on instance "/tb/ctr0".
# SLP: Elaboration phase ... done : 0.0 [s]
# SLP: Generation phase ...
# SLP: Generation phase ... done : 0.3 [s]
# SLP: Finished : 0.3 [s]
# SLP: 0 primitives and 2 (100.00%) other processes in SLP
# SLP: 8 (100.00%) signals in SLP and 0 interface signals
# ELAB2: Elaboration final pass complete - time: 0.3 [s].
# KERNEL: SLP loading done - time: 0.0 [s].
# KERNEL: Warning: You are using the Active-HDL Student Edition. The performance of simulation is running at a reduced rate.
# KERNEL: Warning: Contact Aldec for available upgrade options - sales@aldec.com.
# KERNEL: SLP simulation initialization done - time: 0.0 [s].
# KERNEL: Kernel process initialization done.
# Allocation: Simulator allocated 5517 kB (elbread=1280 elab2=4103 kernel=133 sdf=0)
# KERNEL: ASDB file was created in location C:\My_Designs\contador_basico\contador\src\wave.asdb
#  12:37 AM, Tuesday, November 17, 2020
#  Simulation has been initialized
# add wave -noreg {/tb/e_clk}
# add wave -noreg {/tb/e_reset}
# add wave -noreg {/tb/e_out}
# 3 signal(s) traced.
# Waveform file 'untitled.awc' connected to 'C:/My_Designs/contador_basico/contador/src/wave.asdb'.
run 100 ns
# KERNEL: stopped at time: 100 ns
run 100 ns
# RUNTIME: Info: RUNTIME_0068 cnt.v (39): $finish called.
# KERNEL: Time: 125 ns,  Iteration: 0,  Instance: /tb,  Process: @INITIAL#28_4@.
# KERNEL: stopped at time: 125 ns
# VSIM: Simulation has finished. There are no more test vectors to simulate.
