Active-HDL 11.1.262.7351 2020-11-17 00:50:30

Elaboration top modules:
Architecture                  prueba1(prueba_pwmtb)


---------------------------------------------------------------------------------------------
Entity       | Architecture | Library | Info | Compiler Version        | Compilation Options
---------------------------------------------------------------------------------------------
prueba_pwmtb | prueba1      | pwm_mod |      | 11.1.262.7351 (Windows) | -O3
pwm          | logic        | pwm_mod |      | 11.1.262.7351 (Windows) | -O3
---------------------------------------------------------------------------------------------

---------------------------------------------------------------------------------------------
VHDL Package                | Library | Info | Compiler Version        | Compilation Options
---------------------------------------------------------------------------------------------
standard                    | std     |      |                         | <unavailable>
TEXTIO                      | std     |      |                         | <unavailable>
std_logic_1164              | ieee    |      |                         | <unavailable>
std_logic_arith             | ieee    |      |                         | <unavailable>
STD_LOGIC_UNSIGNED          | ieee    |      |                         | <unavailable>
---------------------------------------------------------------------------------------------

---------------------------------------------------------------------------------------------
Library                     | Comment
---------------------------------------------------------------------------------------------
ieee                        | Standard IEEE packages library
pwm_mod                     | None
std                         | Standard VHDL library
---------------------------------------------------------------------------------------------
