Flow report for PWMyLED
Thu Nov 26 17:41:55 2020
Quartus Prime Version 20.1.0 Build 711 06/05/2020 SJ Lite Edition


---------------------
; Table of Contents ;
---------------------
  1. Legal Notice
  2. Flow Summary
  3. Flow Settings
  4. Flow Non-Default Global Settings
  5. Flow Elapsed Time
  6. Flow OS Summary
  7. Flow Log
  8. Flow Messages
  9. Flow Suppressed Messages



----------------
; Legal Notice ;
----------------
Copyright (C) 2020  Intel Corporation. All rights reserved.
Your use of Intel Corporation's design tools, logic functions 
and other software and tools, and any partner logic 
functions, and any output files from any of the foregoing 
(including device programming or simulation files), and any 
associated documentation or information are expressly subject 
to the terms and conditions of the Intel Program License 
Subscription Agreement, the Intel Quartus Prime License Agreement,
the Intel FPGA IP License Agreement, or other applicable license
agreement, including, without limitation, that your use is for
the sole purpose of programming logic devices manufactured by
Intel and sold by Intel or its authorized distributors.  Please
refer to the applicable agreement for further details, at
https://fpgasoftware.intel.com/eula.



+----------------------------------------------------------------------------------+
; Flow Summary                                                                     ;
+------------------------------------+---------------------------------------------+
; Flow Status                        ; Successful - Thu Nov 26 17:41:55 2020       ;
; Quartus Prime Version              ; 20.1.0 Build 711 06/05/2020 SJ Lite Edition ;
; Revision Name                      ; PWMyLED                                     ;
; Top-level Entity Name              ; PWMyLED                                     ;
; Family                             ; Cyclone IV E                                ;
; Device                             ; EP4CE22F17C6                                ;
; Timing Models                      ; Final                                       ;
; Total logic elements               ; 28 / 22,320 ( < 1 % )                       ;
;     Total combinational functions  ; 28 / 22,320 ( < 1 % )                       ;
;     Dedicated logic registers      ; 28 / 22,320 ( < 1 % )                       ;
; Total registers                    ; 28                                          ;
; Total pins                         ; 9 / 154 ( 6 % )                             ;
; Total virtual pins                 ; 0                                           ;
; Total memory bits                  ; 0 / 608,256 ( 0 % )                         ;
; Embedded Multiplier 9-bit elements ; 0 / 132 ( 0 % )                             ;
; Total PLLs                         ; 1 / 4 ( 25 % )                              ;
+------------------------------------+---------------------------------------------+


+-----------------------------------------+
; Flow Settings                           ;
+-------------------+---------------------+
; Option            ; Setting             ;
+-------------------+---------------------+
; Start date & time ; 11/26/2020 17:41:24 ;
; Main task         ; Compilation         ;
; Revision Name     ; PWMyLED             ;
+-------------------+---------------------+


+-------------------------------------------------------------------------------------------------------------------------------------------------+
; Flow Non-Default Global Settings                                                                                                                ;
+--------------------------------------+----------------------------------------+---------------+-------------+-----------------------------------+
; Assignment Name                      ; Value                                  ; Default Value ; Entity Name ; Section Id                        ;
+--------------------------------------+----------------------------------------+---------------+-------------+-----------------------------------+
; COMPILER_SIGNATURE_ID                ; 22727985360299.160642328400696         ; --            ; --          ; --                                ;
; EDA_DESIGN_INSTANCE_NAME             ; NA                                     ; --            ; --          ; posta_tb_2                        ;
; EDA_GENERATE_FUNCTIONAL_NETLIST      ; Off                                    ; --            ; --          ; eda_board_design_timing           ;
; EDA_GENERATE_FUNCTIONAL_NETLIST      ; Off                                    ; --            ; --          ; eda_board_design_boundary_scan    ;
; EDA_GENERATE_FUNCTIONAL_NETLIST      ; Off                                    ; --            ; --          ; eda_board_design_signal_integrity ;
; EDA_GENERATE_FUNCTIONAL_NETLIST      ; Off                                    ; --            ; --          ; eda_board_design_symbol           ;
; EDA_NATIVELINK_SIMULATION_TEST_BENCH ; posta_tb_2                             ; --            ; --          ; eda_simulation                    ;
; EDA_OUTPUT_DATA_FORMAT               ; Verilog Hdl                            ; --            ; --          ; eda_simulation                    ;
; EDA_SIMULATION_TOOL                  ; ModelSim-Altera (Verilog)              ; <None>        ; --          ; --                                ;
; EDA_TEST_BENCH_ENABLE_STATUS         ; TEST_BENCH_MODE                        ; --            ; --          ; eda_simulation                    ;
; EDA_TEST_BENCH_FILE                  ; simulation/modelsim/posta.vwf.vt       ; --            ; --          ; posta_tb_2                        ;
; EDA_TEST_BENCH_MODULE_NAME           ; posta_tb_2                             ; --            ; --          ; posta_tb_2                        ;
; EDA_TEST_BENCH_NAME                  ; posta_tb_2                             ; --            ; --          ; eda_simulation                    ;
; EDA_TIME_SCALE                       ; 1 ps                                   ; --            ; --          ; eda_simulation                    ;
; MAX_CORE_JUNCTION_TEMP               ; 85                                     ; --            ; --          ; --                                ;
; MIN_CORE_JUNCTION_TEMP               ; 0                                      ; --            ; --          ; --                                ;
; MISC_FILE                            ; pwm_ip.bsf                             ; --            ; --          ; --                                ;
; MISC_FILE                            ; pwm_ip_inst.v                          ; --            ; --          ; --                                ;
; MISC_FILE                            ; pwm_ip_bb.v                            ; --            ; --          ; --                                ;
; MISC_FILE                            ; pwm_ip.inc                             ; --            ; --          ; --                                ;
; MISC_FILE                            ; pwm_ip.cmp                             ; --            ; --          ; --                                ;
; MISC_FILE                            ; pwm_ip.ppf                             ; --            ; --          ; --                                ;
; MISC_FILE                            ; counter_ip.bsf                         ; --            ; --          ; --                                ;
; MISC_FILE                            ; counter_ip_inst.v                      ; --            ; --          ; --                                ;
; MISC_FILE                            ; counter_ip_bb.v                        ; --            ; --          ; --                                ;
; MISC_FILE                            ; counter_ip.inc                         ; --            ; --          ; --                                ;
; MISC_FILE                            ; counter_ip.cmp                         ; --            ; --          ; --                                ;
; MISC_FILE                            ; upcounter20b.bsf                       ; --            ; --          ; --                                ;
; MISC_FILE                            ; upcounter20b_inst.v                    ; --            ; --          ; --                                ;
; MISC_FILE                            ; upcounter20b_bb.v                      ; --            ; --          ; --                                ;
; MISC_FILE                            ; upcounter20b.inc                       ; --            ; --          ; --                                ;
; MISC_FILE                            ; upcounter20b.cmp                       ; --            ; --          ; --                                ;
; MISC_FILE                            ; updowncounter.bsf                      ; --            ; --          ; --                                ;
; MISC_FILE                            ; updowncounter_inst.v                   ; --            ; --          ; --                                ;
; MISC_FILE                            ; updowncounter_bb.v                     ; --            ; --          ; --                                ;
; MISC_FILE                            ; updowncounter.inc                      ; --            ; --          ; --                                ;
; MISC_FILE                            ; updowncounter.cmp                      ; --            ; --          ; --                                ;
; MISC_FILE                            ; upcounter8bit.bsf                      ; --            ; --          ; --                                ;
; MISC_FILE                            ; upcounter8bit_inst.v                   ; --            ; --          ; --                                ;
; MISC_FILE                            ; upcounter8bit_bb.v                     ; --            ; --          ; --                                ;
; MISC_FILE                            ; upcounter8bit.inc                      ; --            ; --          ; --                                ;
; MISC_FILE                            ; upcounter8bit.cmp                      ; --            ; --          ; --                                ;
; MISC_FILE                            ; upcounter9b.bsf                        ; --            ; --          ; --                                ;
; MISC_FILE                            ; upcounter9b_inst.v                     ; --            ; --          ; --                                ;
; MISC_FILE                            ; upcounter9b_bb.v                       ; --            ; --          ; --                                ;
; MISC_FILE                            ; upcounter9b.inc                        ; --            ; --          ; --                                ;
; MISC_FILE                            ; upcounter9b.cmp                        ; --            ; --          ; --                                ;
; NOMINAL_CORE_SUPPLY_VOLTAGE          ; 1.2V                                   ; --            ; --          ; --                                ;
; PARTITION_COLOR                      ; -- (Not supported for targeted family) ; --            ; --          ; Top                               ;
; PARTITION_FITTER_PRESERVATION_LEVEL  ; -- (Not supported for targeted family) ; --            ; --          ; Top                               ;
; PARTITION_NETLIST_TYPE               ; -- (Not supported for targeted family) ; --            ; --          ; Top                               ;
; POWER_BOARD_THERMAL_MODEL            ; None (CONSERVATIVE)                    ; --            ; --          ; --                                ;
; POWER_PRESET_COOLING_SOLUTION        ; 23 MM HEAT SINK WITH 200 LFPM AIRFLOW  ; --            ; --          ; --                                ;
; PROJECT_OUTPUT_DIRECTORY             ; output_files                           ; --            ; --          ; --                                ;
+--------------------------------------+----------------------------------------+---------------+-------------+-----------------------------------+


+--------------------------------------------------------------------------------------------------------------------------+
; Flow Elapsed Time                                                                                                        ;
+----------------------+--------------+-------------------------+---------------------+------------------------------------+
; Module Name          ; Elapsed Time ; Average Processors Used ; Peak Virtual Memory ; Total CPU Time (on all processors) ;
+----------------------+--------------+-------------------------+---------------------+------------------------------------+
; Analysis & Synthesis ; 00:00:16     ; 1.0                     ; 4751 MB             ; 00:00:33                           ;
; Fitter               ; 00:00:07     ; 1.0                     ; 5274 MB             ; 00:00:08                           ;
; Assembler            ; 00:00:02     ; 1.0                     ; 4691 MB             ; 00:00:01                           ;
; Timing Analyzer      ; 00:00:02     ; 1.0                     ; 4768 MB             ; 00:00:02                           ;
; EDA Netlist Writer   ; 00:00:01     ; 1.0                     ; 4645 MB             ; 00:00:01                           ;
; Total                ; 00:00:28     ; --                      ; --                  ; 00:00:45                           ;
+----------------------+--------------+-------------------------+---------------------+------------------------------------+


+------------------------------------------------------------------------------------+
; Flow OS Summary                                                                    ;
+----------------------+------------------+------------+------------+----------------+
; Module Name          ; Machine Hostname ; OS Name    ; OS Version ; Processor type ;
+----------------------+------------------+------------+------------+----------------+
; Analysis & Synthesis ; J                ; Windows 10 ; 10.0       ; x86_64         ;
; Fitter               ; J                ; Windows 10 ; 10.0       ; x86_64         ;
; Assembler            ; J                ; Windows 10 ; 10.0       ; x86_64         ;
; Timing Analyzer      ; J                ; Windows 10 ; 10.0       ; x86_64         ;
; EDA Netlist Writer   ; J                ; Windows 10 ; 10.0       ; x86_64         ;
+----------------------+------------------+------------+------------+----------------+


------------
; Flow Log ;
------------
quartus_map --read_settings_files=on --write_settings_files=off PWMyLED -c PWMyLED
quartus_fit --read_settings_files=off --write_settings_files=off PWMyLED -c PWMyLED
quartus_asm --read_settings_files=off --write_settings_files=off PWMyLED -c PWMyLED
quartus_sta PWMyLED -c PWMyLED
quartus_eda --read_settings_files=off --write_settings_files=off PWMyLED -c PWMyLED



